Jul 07, 2018 7:05:40 PM dwatkins_view.FXML_LoginController login
INFO: test logged in.
Jul 07, 2018 7:11:06 PM dwatkins_view.FXML_LoginController login
INFO: test logged in.
Jul 07, 2018 7:11:24 PM dwatkins_view.FXML_LoginController login
INFO: NewYork logged in.
Jul 07, 2018 7:11:58 PM dwatkins_view.FXML_LoginController login
INFO: test logged in.
Jul 07, 2018 7:12:05 PM dwatkins_view.FXML_LoginController login
INFO: NewYork logged in.
Jul 07, 2018 7:13:10 PM dwatkins_view.FXML_LoginController login
INFO: London logged in.
Jul 07, 2018 7:14:57 PM dwatkins_view.FXML_LoginController login
INFO: London logged in.
Jul 07, 2018 8:25:47 PM dwatkins_view.FXML_LoginController login
INFO: test logged in.
Jul 07, 2018 8:34:09 PM dwatkins_view.FXML_LoginController login
INFO: test logged in.
Jul 07, 2018 8:43:46 PM dwatkins_view.FXML_LoginController login
INFO: test logged in.
Jul 07, 2018 8:43:51 PM dwatkins_view.FXML_LoginController login
INFO: test logged in.
Jul 07, 2018 8:44:43 PM dwatkins_view.FXML_LoginController login
INFO: test logged in.
Jul 07, 2018 8:45:05 PM dwatkins_view.FXML_LoginController login
INFO: test logged in.
Jul 08, 2018 12:18:48 AM dwatkins_view.FXML_LoginController login
INFO: test logged in.
Jul 08, 2018 12:23:48 AM dwatkins_view.FXML_LoginController login
INFO: NewYork logged in.
Jul 08, 2018 1:22:04 PM dwatkins_view.FXML_LoginController login
INFO: test logged in.
Jul 08, 2018 3:23:11 PM dwatkins_view.FXML_LoginController login
INFO: test logged in.
Jul 08, 2018 3:30:43 PM dwatkins_view.FXML_LoginController login
INFO: test logged in.
Jul 08, 2018 3:42:28 PM dwatkins_view.FXML_LoginController login
INFO: test logged in.
Jul 08, 2018 3:43:34 PM dwatkins_view.FXML_LoginController login
INFO: test logged in.
Jul 08, 2018 3:49:39 PM dwatkins_view.FXML_LoginController login
INFO: test logged in.
Jul 08, 2018 3:50:40 PM dwatkins_view.FXML_LoginController login
INFO: test logged in.
Jul 08, 2018 2:25:17 PM dwatkins_view.FXML_LoginController login
INFO: test logged in.
Jul 08, 2018 2:30:37 PM dwatkins_view.FXML_LoginController login
INFO: test logged in.
Jul 08, 2018 2:31:28 PM dwatkins_view.FXML_LoginController login
INFO: test logged in.
Jul 08, 2018 2:34:34 PM dwatkins_view.FXML_LoginController login
INFO: test logged in.
Jul 08, 2018 3:21:05 PM dwatkins_view.FXML_LoginController login
INFO: test logged in.
Jul 08, 2018 3:21:25 PM dwatkins_view.FXML_LoginController login
INFO: test logged in.
Jul 08, 2018 3:21:52 PM dwatkins_view.FXML_LoginController login
INFO: test logged in.
Jul 08, 2018 3:22:05 PM dwatkins_view.FXML_LoginController login
INFO: London logged in.
Jul 08, 2018 3:31:55 PM dwatkins_view.FXML_LoginController login
INFO: London logged in.
Jul 08, 2018 3:54:09 PM dwatkins_view.FXML_LoginController login
INFO: London logged in.
Jul 08, 2018 3:57:12 PM dwatkins_view.FXML_LoginController login
INFO: test logged in.
Jul 08, 2018 3:57:37 PM dwatkins_view.FXML_LoginController login
INFO: test logged in.
